#
# There is insufficient memory for the Java Runtime Environment to continue.
# Native memory allocation (malloc) failed to allocate 32744 bytes for ChunkPool::allocate
# Possible reasons:
#   The system is out of physical RAM or swap space
#   In 32 bit mode, the process size limit was hit
# Possible solutions:
#   Reduce memory load on the system
#   Increase physical memory or swap space
#   Check if swap backing store is full
#   Use 64 bit Java on a 64 bit OS
#   Decrease Java heap size (-Xmx/-Xms)
#   Decrease number of Java threads
#   Decrease Java thread stack sizes (-Xss)
#   Set larger code cache with -XX:ReservedCodeCacheSize=
# This output file may be truncated or incomplete.
#
#  Out of Memory Error (allocation.cpp:273), pid=10528, tid=0x0000000000001a94
#
# JRE version: Java(TM) SE Runtime Environment (8.0_111-b14) (build 1.8.0_111-b14)
# Java VM: Java HotSpot(TM) 64-Bit Server VM (25.111-b14 mixed mode windows-amd64 compressed oops)
# Failed to write core dump. Minidumps are not enabled by default on client versions of Windows
#

---------------  T H R E A D  ---------------

Current thread (0x00000000173d7800):  JavaThread "C2 CompilerThread1" daemon [_thread_in_native, id=6804, stack(0x0000000018b20000,0x0000000018c20000)]

Stack: [0x0000000018b20000,0x0000000018c20000]
[error occurred during error reporting (printing stack bounds), id 0xc0000005]

Native frames: (J=compiled Java code, j=interpreted, Vv=VM code, C=native code)


Current CompileTask:
C2:   3604 2647   !   4       java.net.URL::<init> (543 bytes)


---------------  P R O C E S S  ---------------

Java Threads: ( => current thread )
  0x0000000018d40800 JavaThread "Service Thread" daemon [_thread_blocked, id=9748, stack(0x0000000019120000,0x0000000019220000)]
  0x00000000173da800 JavaThread "C1 CompilerThread2" daemon [_thread_in_native, id=9724, stack(0x0000000018c20000,0x0000000018d20000)]
=>0x00000000173d7800 JavaThread "C2 CompilerThread1" daemon [_thread_in_native, id=6804, stack(0x0000000018b20000,0x0000000018c20000)]
  0x00000000173d4800 JavaThread "C2 CompilerThread0" daemon [_thread_in_native, id=4044, stack(0x0000000018a20000,0x0000000018b20000)]
  0x00000000173d1000 JavaThread "Attach Listener" daemon [_thread_blocked, id=11408, stack(0x0000000018920000,0x0000000018a20000)]
  0x00000000173d0000 JavaThread "Signal Dispatcher" daemon [_thread_blocked, id=7428, stack(0x0000000018820000,0x0000000018920000)]
  0x00000000173ba800 JavaThread "Finalizer" daemon [_thread_blocked, id=10712, stack(0x0000000018620000,0x0000000018720000)]
  0x0000000002825000 JavaThread "Reference Handler" daemon [_thread_blocked, id=3196, stack(0x0000000018520000,0x0000000018620000)]
  0x0000000002734000 JavaThread "main" [_thread_in_vm, id=10524, stack(0x0000000002630000,0x0000000002730000)]

Other Threads:
  0x0000000017396800 VMThread [stack: 0x0000000018420000,0x0000000018520000] [id=6252]
  0x0000000018d71800 WatcherThread [stack: 0x0000000019220000,0x0000000019320000] [id=10876]

VM state:not at safepoint (normal execution)

VM Mutex/Monitor currently owned by a thread: None

Heap:
 PSYoungGen      total 66048K, used 16005K [0x00000000d5c00000, 0x00000000dde00000, 0x0000000100000000)
  eden space 60928K, 17% used [0x00000000d5c00000,0x00000000d66a8718,0x00000000d9780000)
  from space 5120K, 99% used [0x00000000da200000,0x00000000da6f8da0,0x00000000da700000)
  to   space 10752K, 0% used [0x00000000d9780000,0x00000000d9780000,0x00000000da200000)
 ParOldGen       total 58880K, used 10746K [0x0000000081400000, 0x0000000084d80000, 0x00000000d5c00000)
  object space 58880K, 18% used [0x0000000081400000,0x0000000081e7e918,0x0000000084d80000)
 Metaspace       used 25994K, capacity 26392K, committed 26752K, reserved 1075200K
  class space    used 3239K, capacity 3355K, committed 3456K, reserved 1048576K

Card table byte_map: [0x0000000011bf0000,0x0000000011ff0000] byte_map_base: 0x00000000117e6000

Marking Bits: (ParMarkBitMap*) 0x0000000053f0a6c0
 Begin Bits: [0x00000000126a0000, 0x0000000014650000)
 End Bits:   [0x0000000014650000, 0x0000000016600000)

Polling page: 0x00000000025d0000

CodeCache: size=245760Kb used=10188Kb max_used=10229Kb free=235571Kb
 bounds [0x0000000002830000, 0x0000000003240000, 0x0000000011830000]
 total_blobs=3034 nmethods=2650 adapters=296
 compilation: enabled

Compilation events (10 events):
Event: 3.516 Thread 0x00000000173da800 nmethod 2650 0x0000000003205010 code [0x0000000003205200, 0x0000000003205bd8]
Event: 3.517 Thread 0x00000000173da800 2651       3       java.util.Collections$SynchronizedCollection::iterator (10 bytes)
Event: 3.517 Thread 0x00000000173da800 nmethod 2651 0x0000000003208890 code [0x0000000003208a00, 0x0000000003208c28]
Event: 3.518 Thread 0x00000000173da800 2652       3       java.util.Properties::loadConvert (505 bytes)
Event: 3.519 Thread 0x00000000173da800 nmethod 2652 0x0000000003208cd0 code [0x0000000003208ec0, 0x00000000032097d8]
Event: 3.524 Thread 0x00000000173da800 2653       3       java.util.Properties::getProperty (46 bytes)
Event: 3.524 Thread 0x00000000173da800 nmethod 2653 0x0000000003209e10 code [0x0000000003209fa0, 0x000000000320a4b8]
Event: 3.537 Thread 0x00000000173da800 2654       3       java.lang.System::checkKey (34 bytes)
Event: 3.537 Thread 0x00000000173da800 nmethod 2654 0x000000000320a5d0 code [0x000000000320a760, 0x000000000320ab48]
Event: 3.537 Thread 0x00000000173da800 2655   !   3       java.io.WinNTFileSystem::resolve (362 bytes)

GC Heap History (10 events):
Event: 1.880 GC heap before
{Heap before GC invocations=3 (full 0):
 PSYoungGen      total 38400K, used 38384K [0x00000000d5c00000, 0x00000000da700000, 0x0000000100000000)
  eden space 33280K, 100% used [0x00000000d5c00000,0x00000000d7c80000,0x00000000d7c80000)
  from space 5120K, 99% used [0x00000000d8180000,0x00000000d867c240,0x00000000d8680000)
  to   space 5120K, 0% used [0x00000000d7c80000,0x00000000d7c80000,0x00000000d8180000)
 ParOldGen       total 87552K, used 5235K [0x0000000081400000, 0x0000000086980000, 0x00000000d5c00000)
  object space 87552K, 5% used [0x0000000081400000,0x000000008191cd98,0x0000000086980000)
 Metaspace       used 17405K, capacity 17676K, committed 17920K, reserved 1064960K
  class space    used 2140K, capacity 2194K, committed 2304K, reserved 1048576K
Event: 1.899 GC heap after
Heap after GC invocations=3 (full 0):
 PSYoungGen      total 38400K, used 5101K [0x00000000d5c00000, 0x00000000da700000, 0x0000000100000000)
  eden space 33280K, 0% used [0x00000000d5c00000,0x00000000d5c00000,0x00000000d7c80000)
  from space 5120K, 99% used [0x00000000d7c80000,0x00000000d817b730,0x00000000d8180000)
  to   space 5120K, 0% used [0x00000000da200000,0x00000000da200000,0x00000000da700000)
 ParOldGen       total 87552K, used 9213K [0x0000000081400000, 0x0000000086980000, 0x00000000d5c00000)
  object space 87552K, 10% used [0x0000000081400000,0x0000000081cff788,0x0000000086980000)
 Metaspace       used 17405K, capacity 17676K, committed 17920K, reserved 1064960K
  class space    used 2140K, capacity 2194K, committed 2304K, reserved 1048576K
}
Event: 2.238 GC heap before
{Heap before GC invocations=4 (full 0):
 PSYoungGen      total 38400K, used 38381K [0x00000000d5c00000, 0x00000000da700000, 0x0000000100000000)
  eden space 33280K, 100% used [0x00000000d5c00000,0x00000000d7c80000,0x00000000d7c80000)
  from space 5120K, 99% used [0x00000000d7c80000,0x00000000d817b730,0x00000000d8180000)
  to   space 5120K, 0% used [0x00000000da200000,0x00000000da200000,0x00000000da700000)
 ParOldGen       total 87552K, used 9213K [0x0000000081400000, 0x0000000086980000, 0x00000000d5c00000)
  object space 87552K, 10% used [0x0000000081400000,0x0000000081cff788,0x0000000086980000)
 Metaspace       used 20217K, capacity 20516K, committed 20736K, reserved 1067008K
  class space    used 2477K, capacity 2541K, committed 2560K, reserved 1048576K
Event: 2.252 GC heap after
Heap after GC invocations=4 (full 0):
 PSYoungGen      total 71680K, used 5088K [0x00000000d5c00000, 0x00000000da700000, 0x0000000100000000)
  eden space 66560K, 0% used [0x00000000d5c00000,0x00000000d5c00000,0x00000000d9d00000)
  from space 5120K, 99% used [0x00000000da200000,0x00000000da6f8040,0x00000000da700000)
  to   space 5120K, 0% used [0x00000000d9d00000,0x00000000d9d00000,0x00000000da200000)
 ParOldGen       total 87552K, used 12154K [0x0000000081400000, 0x0000000086980000, 0x00000000d5c00000)
  object space 87552K, 13% used [0x0000000081400000,0x0000000081fde988,0x0000000086980000)
 Metaspace       used 20217K, capacity 20516K, committed 20736K, reserved 1067008K
  class space    used 2477K, capacity 2541K, committed 2560K, reserved 1048576K
}
Event: 2.357 GC heap before
{Heap before GC invocations=5 (full 0):
 PSYoungGen      total 71680K, used 13458K [0x00000000d5c00000, 0x00000000da700000, 0x0000000100000000)
  eden space 66560K, 12% used [0x00000000d5c00000,0x00000000d642c8b8,0x00000000d9d00000)
  from space 5120K, 99% used [0x00000000da200000,0x00000000da6f8040,0x00000000da700000)
  to   space 5120K, 0% used [0x00000000d9d00000,0x00000000d9d00000,0x00000000da200000)
 ParOldGen       total 87552K, used 12154K [0x0000000081400000, 0x0000000086980000, 0x00000000d5c00000)
  object space 87552K, 13% used [0x0000000081400000,0x0000000081fde988,0x0000000086980000)
 Metaspace       used 20871K, capacity 21156K, committed 21296K, reserved 1069056K
  class space    used 2568K, capacity 2669K, committed 2688K, reserved 1048576K
Event: 2.368 GC heap after
Heap after GC invocations=5 (full 0):
 PSYoungGen      total 71680K, used 5106K [0x00000000d5c00000, 0x00000000da700000, 0x0000000100000000)
  eden space 66560K, 0% used [0x00000000d5c00000,0x00000000d5c00000,0x00000000d9d00000)
  from space 5120K, 99% used [0x00000000d9d00000,0x00000000da1fcb10,0x00000000da200000)
  to   space 5120K, 0% used [0x00000000da200000,0x00000000da200000,0x00000000da700000)
 ParOldGen       total 87552K, used 13072K [0x0000000081400000, 0x0000000086980000, 0x00000000d5c00000)
  object space 87552K, 14% used [0x0000000081400000,0x00000000820c4108,0x0000000086980000)
 Metaspace       used 20871K, capacity 21156K, committed 21296K, reserved 1069056K
  class space    used 2568K, capacity 2669K, committed 2688K, reserved 1048576K
}
Event: 2.368 GC heap before
{Heap before GC invocations=6 (full 1):
 PSYoungGen      total 71680K, used 5106K [0x00000000d5c00000, 0x00000000da700000, 0x0000000100000000)
  eden space 66560K, 0% used [0x00000000d5c00000,0x00000000d5c00000,0x00000000d9d00000)
  from space 5120K, 99% used [0x00000000d9d00000,0x00000000da1fcb10,0x00000000da200000)
  to   space 5120K, 0% used [0x00000000da200000,0x00000000da200000,0x00000000da700000)
 ParOldGen       total 87552K, used 13072K [0x0000000081400000, 0x0000000086980000, 0x00000000d5c00000)
  object space 87552K, 14% used [0x0000000081400000,0x00000000820c4108,0x0000000086980000)
 Metaspace       used 20871K, capacity 21156K, committed 21296K, reserved 1069056K
  class space    used 2568K, capacity 2669K, committed 2688K, reserved 1048576K
Event: 2.406 GC heap after
Heap after GC invocations=6 (full 1):
 PSYoungGen      total 71680K, used 0K [0x00000000d5c00000, 0x00000000da700000, 0x0000000100000000)
  eden space 66560K, 0% used [0x00000000d5c00000,0x00000000d5c00000,0x00000000d9d00000)
  from space 5120K, 0% used [0x00000000d9d00000,0x00000000d9d00000,0x00000000da200000)
  to   space 5120K, 0% used [0x00000000da200000,0x00000000da200000,0x00000000da700000)
 ParOldGen       total 58880K, used 10178K [0x0000000081400000, 0x0000000084d80000, 0x00000000d5c00000)
  object space 58880K, 17% used [0x0000000081400000,0x0000000081df09b8,0x0000000084d80000)
 Metaspace       used 20871K, capacity 21156K, committed 21296K, reserved 1069056K
  class space    used 2568K, capacity 2669K, committed 2688K, reserved 1048576K
}
Event: 3.230 GC heap before
{Heap before GC invocations=7 (full 1):
 PSYoungGen      total 71680K, used 66560K [0x00000000d5c00000, 0x00000000da700000, 0x0000000100000000)
  eden space 66560K, 100% used [0x00000000d5c00000,0x00000000d9d00000,0x00000000d9d00000)
  from space 5120K, 0% used [0x00000000d9d00000,0x00000000d9d00000,0x00000000da200000)
  to   space 5120K, 0% used [0x00000000da200000,0x00000000da200000,0x00000000da700000)
 ParOldGen       total 58880K, used 10178K [0x0000000081400000, 0x0000000084d80000, 0x00000000d5c00000)
  object space 58880K, 17% used [0x0000000081400000,0x0000000081df09b8,0x0000000084d80000)
 Metaspace       used 24553K, capacity 24902K, committed 25216K, reserved 1071104K
  class space    used 3067K, capacity 3160K, committed 3200K, reserved 1048576K
Event: 3.239 GC heap after
Heap after GC invocations=7 (full 1):
 PSYoungGen      total 66048K, used 5091K [0x00000000d5c00000, 0x00000000dde00000, 0x0000000100000000)
  eden space 60928K, 0% used [0x00000000d5c00000,0x00000000d5c00000,0x00000000d9780000)
  from space 5120K, 99% used [0x00000000da200000,0x00000000da6f8da0,0x00000000da700000)
  to   space 10752K, 0% used [0x00000000d9780000,0x00000000d9780000,0x00000000da200000)
 ParOldGen       total 58880K, used 10746K [0x0000000081400000, 0x0000000084d80000, 0x00000000d5c00000)
  object space 58880K, 18% used [0x0000000081400000,0x0000000081e7e918,0x0000000084d80000)
 Metaspace       used 24553K, capacity 24902K, committed 25216K, reserved 1071104K
  class space    used 3067K, capacity 3160K, committed 3200K, reserved 1048576K
}

Deoptimization events (10 events):
Event: 2.979 Thread 0x0000000002734000 Uncommon trap: reason=unstable_if action=reinterpret pc=0x000000000308b6d4 method=java.lang.reflect.Method.equals(Ljava/lang/Object;)Z @ 1
Event: 2.995 Thread 0x0000000002734000 Uncommon trap: reason=unstable_if action=reinterpret pc=0x00000000030019e4 method=org.springframework.asm.Type.getArgumentsAndReturnSizes(Ljava/lang/String;)I @ 88
Event: 2.995 Thread 0x0000000002734000 Uncommon trap: reason=unstable_if action=reinterpret pc=0x0000000002ffb380 method=org.springframework.asm.Type.getArgumentTypes(Ljava/lang/String;)[Lorg/springframework/asm/Type; @ 58
Event: 2.996 Thread 0x0000000002734000 Uncommon trap: reason=unstable_if action=reinterpret pc=0x00000000030d6254 method=org.springframework.asm.Type.getArgumentsAndReturnSizes(Ljava/lang/String;)I @ 88
Event: 3.041 Thread 0x0000000002734000 Uncommon trap: reason=unstable_if action=reinterpret pc=0x0000000002f08388 method=java.util.concurrent.ConcurrentHashMap.get(Ljava/lang/Object;)Ljava/lang/Object; @ 76
Event: 3.281 Thread 0x0000000002734000 Uncommon trap: reason=unstable_if action=reinterpret pc=0x00000000031b0e3c method=java.util.concurrent.ConcurrentHashMap.get(Ljava/lang/Object;)Ljava/lang/Object; @ 152
Event: 3.291 Thread 0x0000000002734000 Uncommon trap: reason=class_check action=maybe_recompile pc=0x00000000031ab194 method=java.util.AbstractList$Itr.hasNext()Z @ 8
Event: 3.486 Thread 0x0000000002734000 Uncommon trap: reason=unstable_if action=reinterpret pc=0x000000000298005c method=sun.nio.cs.UTF_8$Encoder.encode([CII[B)I @ 33
Event: 3.496 Thread 0x0000000002734000 Uncommon trap: reason=unstable_if action=reinterpret pc=0x0000000002f1ccfc method=java.util.LinkedHashMap.get(Ljava/lang/Object;)Ljava/lang/Object; @ 20
Event: 3.518 Thread 0x0000000002734000 Uncommon trap: reason=unstable_if action=reinterpret pc=0x0000000002ac5ad0 method=java.util.Properties.loadConvert([CII[C)Ljava/lang/String; @ 57

Internal exceptions (10 events):
Event: 3.254 Thread 0x0000000002734000 Exception <a 'java/lang/ClassNotFoundException': org/springframework/boot/autoconfigure/web/ErrorViewResolverCustomizer> (0x00000000d5d330c8) thrown at [C:\re\workspace\8-2-build-windows-amd64-cygwin\jdk8u111\7883\hotspot\src\share\vm\classfile\systemDict
Event: 3.255 Thread 0x0000000002734000 Exception <a 'java/lang/ClassNotFoundException': org/springframework/core/OrderedCustomizer> (0x00000000d5d44370) thrown at [C:\re\workspace\8-2-build-windows-amd64-cygwin\jdk8u111\7883\hotspot\src\share\vm\classfile\systemDictionary.cpp, line 210]
Event: 3.267 Thread 0x0000000002734000 Exception <a 'java/lang/ClassNotFoundException': java/lang/ObjectCustomizer> (0x00000000d5dfc048) thrown at [C:\re\workspace\8-2-build-windows-amd64-cygwin\jdk8u111\7883\hotspot\src\share\vm\classfile\systemDictionary.cpp, line 210]
Event: 3.268 Thread 0x0000000002734000 Exception <a 'java/lang/ClassNotFoundException': org/springframework/boot/autoconfigure/web/ErrorMvcAutoConfigurationCustomizer> (0x00000000d5e13f08) thrown at [C:\re\workspace\8-2-build-windows-amd64-cygwin\jdk8u111\7883\hotspot\src\share\vm\classfile\sy
Event: 3.268 Thread 0x0000000002734000 Exception <a 'java/lang/ClassNotFoundException': org/springframework/boot/autoconfigure/web/ErrorMvcAutoConfiguration$$EnhancerBySpringCGLIB$$2812216fCustomizer> (0x00000000d5e31e40) thrown at [C:\re\workspace\8-2-build-windows-amd64-cygwin\jdk8u111\7883\
Event: 3.269 Thread 0x0000000002734000 Exception <a 'java/lang/ClassNotFoundException': org/springframework/context/annotation/ConfigurationClassEnhancer$EnhancedConfigurationCustomizer> (0x00000000d5e536d8) thrown at [C:\re\workspace\8-2-build-windows-amd64-cygwin\jdk8u111\7883\hotspot\src\sh
Event: 3.278 Thread 0x0000000002734000 Exception <a 'java/lang/ClassNotFoundException': java/lang/ObjectCustomizer> (0x00000000d5f27880) thrown at [C:\re\workspace\8-2-build-windows-amd64-cygwin\jdk8u111\7883\hotspot\src\share\vm\classfile\systemDictionary.cpp, line 210]
Event: 3.279 Thread 0x0000000002734000 Exception <a 'java/lang/ClassNotFoundException': org/springframework/boot/autoconfigure/web/ErrorMvcAutoConfiguration$ErrorPageCustomizerCustomizer> (0x00000000d5f43018) thrown at [C:\re\workspace\8-2-build-windows-amd64-cygwin\jdk8u111\7883\hotspot\src\s
Event: 3.279 Thread 0x0000000002734000 Exception <a 'java/lang/ClassNotFoundException': org/springframework/boot/web/servlet/ErrorPageRegistrarCustomizer> (0x00000000d5f59180) thrown at [C:\re\workspace\8-2-build-windows-amd64-cygwin\jdk8u111\7883\hotspot\src\share\vm\classfile\systemDictionar
Event: 3.280 Thread 0x0000000002734000 Exception <a 'java/lang/ClassNotFoundException': org/springframework/core/OrderedCustomizer> (0x00000000d5f670f0) thrown at [C:\re\workspace\8-2-build-windows-amd64-cygwin\jdk8u111\7883\hotspot\src\share\vm\classfile\systemDictionary.cpp, line 210]

Events (10 events):
Event: 3.560 loading class org/apache/catalina/realm/RealmBase$AllRolesMode
Event: 3.560 loading class org/apache/catalina/realm/RealmBase$AllRolesMode done
Event: 3.561 loading class org/apache/catalina/core/StandardHost
Event: 3.561 loading class org/apache/catalina/core/StandardHost done
Event: 3.562 loading class org/apache/catalina/core/StandardHostValve
Event: 3.562 loading class org/apache/catalina/core/StandardHostValve done
Event: 3.563 loading class org/apache/catalina/connector/ClientAbortException
Event: 3.563 loading class org/apache/catalina/connector/ClientAbortException done
Event: 3.563 loading class javax/servlet/ServletResponse
Event: 3.563 loading class javax/servlet/ServletResponse done


Dynamic libraries:
0x00007ff6e2700000 - 0x00007ff6e2737000 	C:\Program Files\Java\jdk1.8.0_111\bin\javaw.exe
0x00007ffd8e060000 - 0x00007ffd8e231000 	C:\WINDOWS\SYSTEM32\ntdll.dll
0x00007ffd8c4a0000 - 0x00007ffd8c54b000 	C:\WINDOWS\System32\KERNEL32.DLL
0x00007ffd8b1a0000 - 0x00007ffd8b3bd000 	C:\WINDOWS\System32\KERNELBASE.dll
0x00007ffd8b930000 - 0x00007ffd8b9d2000 	C:\WINDOWS\System32\ADVAPI32.dll
0x00007ffd8c9c0000 - 0x00007ffd8ca5e000 	C:\WINDOWS\System32\msvcrt.dll
0x00007ffd8bf70000 - 0x00007ffd8bfc9000 	C:\WINDOWS\System32\sechost.dll
0x00007ffd8be40000 - 0x00007ffd8bf61000 	C:\WINDOWS\System32\RPCRT4.dll
0x00007ffd8b7c0000 - 0x00007ffd8b925000 	C:\WINDOWS\System32\USER32.dll
0x00007ffd8a660000 - 0x00007ffd8a67e000 	C:\WINDOWS\System32\win32u.dll
0x00007ffd8b9e0000 - 0x00007ffd8ba14000 	C:\WINDOWS\System32\GDI32.dll
0x00007ffd8b460000 - 0x00007ffd8b5e2000 	C:\WINDOWS\System32\gdi32full.dll
0x00007ffd7c360000 - 0x00007ffd7c5da000 	C:\WINDOWS\WinSxS\amd64_microsoft.windows.common-controls_6595b64144ccf1df_6.0.14393.953_none_42151e83c686086b\COMCTL32.dll
0x00007ffd8c1d0000 - 0x00007ffd8c498000 	C:\WINDOWS\System32\combase.dll
0x00007ffd8a8c0000 - 0x00007ffd8a9b5000 	C:\WINDOWS\System32\ucrtbase.dll
0x00007ffd8a680000 - 0x00007ffd8a6ea000 	C:\WINDOWS\System32\bcryptPrimitives.dll
0x00007ffd8cb20000 - 0x00007ffd8cb4e000 	C:\WINDOWS\System32\IMM32.DLL
0x0000000054310000 - 0x00000000543e2000 	C:\Program Files\Java\jdk1.8.0_111\jre\bin\msvcr100.dll
0x00000000536f0000 - 0x0000000053f8a000 	C:\Program Files\Java\jdk1.8.0_111\jre\bin\server\jvm.dll
0x00007ffd8c9b0000 - 0x00007ffd8c9b8000 	C:\WINDOWS\System32\PSAPI.DLL
0x00007ffd7eb60000 - 0x00007ffd7eb69000 	C:\WINDOWS\SYSTEM32\WSOCK32.dll
0x00007ffd88940000 - 0x00007ffd88963000 	C:\WINDOWS\SYSTEM32\WINMM.dll
0x00007ffd8ba90000 - 0x00007ffd8bafa000 	C:\WINDOWS\System32\WS2_32.dll
0x00007ffd7dff0000 - 0x00007ffd7dffa000 	C:\WINDOWS\SYSTEM32\VERSION.dll
0x00007ffd888e0000 - 0x00007ffd8890b000 	C:\WINDOWS\SYSTEM32\WINMMBASE.dll
0x00007ffd8a9c0000 - 0x00007ffd8aa02000 	C:\WINDOWS\System32\cfgmgr32.dll
0x0000000054300000 - 0x000000005430f000 	C:\Program Files\Java\jdk1.8.0_111\jre\bin\verify.dll
0x00000000542d0000 - 0x00000000542f9000 	C:\Program Files\Java\jdk1.8.0_111\jre\bin\java.dll
0x00000000542b0000 - 0x00000000542c6000 	C:\Program Files\Java\jdk1.8.0_111\jre\bin\zip.dll
0x00007ffd8cb50000 - 0x00007ffd8e058000 	C:\WINDOWS\System32\SHELL32.dll
0x00007ffd8aac0000 - 0x00007ffd8b19a000 	C:\WINDOWS\System32\windows.storage.dll
0x00007ffd8a500000 - 0x00007ffd8a54c000 	C:\WINDOWS\System32\powrprof.dll
0x00007ffd8c170000 - 0x00007ffd8c1c2000 	C:\WINDOWS\System32\shlwapi.dll
0x00007ffd8a4f0000 - 0x00007ffd8a4ff000 	C:\WINDOWS\System32\kernel.appcore.dll
0x00007ffd8a550000 - 0x00007ffd8a5f9000 	C:\WINDOWS\System32\shcore.dll
0x00007ffd8a4c0000 - 0x00007ffd8a4d4000 	C:\WINDOWS\System32\profapi.dll
0x00000000542a0000 - 0x00000000542ad000 	C:\Program Files\Java\jdk1.8.0_111\jre\bin\management.dll
0x0000000054280000 - 0x000000005429a000 	C:\Program Files\Java\jdk1.8.0_111\jre\bin\net.dll
0x00007ffd89df0000 - 0x00007ffd89e4c000 	C:\WINDOWS\system32\mswsock.dll
0x00007ffd75980000 - 0x00007ffd75996000 	C:\WINDOWS\system32\napinsp.dll
0x00007ffd759a0000 - 0x00007ffd759ba000 	C:\WINDOWS\system32\pnrpnsp.dll
0x00007ffd87980000 - 0x00007ffd87998000 	C:\WINDOWS\system32\NLAapi.dll
0x00007ffd89bb0000 - 0x00007ffd89c51000 	C:\WINDOWS\SYSTEM32\DNSAPI.dll
0x00007ffd8c9a0000 - 0x00007ffd8c9a8000 	C:\WINDOWS\System32\NSI.dll
0x00007ffd89b70000 - 0x00007ffd89ba8000 	C:\WINDOWS\SYSTEM32\IPHLPAPI.DLL
0x00007ffd759c0000 - 0x00007ffd759ce000 	C:\WINDOWS\System32\winrnr.dll
0x00007ffd7fcf0000 - 0x00007ffd7fcfa000 	C:\Windows\System32\rasadhlp.dll
0x00007ffd80e50000 - 0x00007ffd80eba000 	C:\WINDOWS\System32\fwpuclnt.dll
0x00007ffd8a0a0000 - 0x00007ffd8a0cb000 	C:\WINDOWS\SYSTEM32\bcrypt.dll
0x0000000054260000 - 0x0000000054271000 	C:\Program Files\Java\jdk1.8.0_111\jre\bin\nio.dll
0x00007ffd89f90000 - 0x00007ffd89fa7000 	C:\WINDOWS\SYSTEM32\CRYPTSP.dll
0x00007ffd899f0000 - 0x00007ffd89a23000 	C:\WINDOWS\system32\rsaenh.dll
0x00007ffd89c70000 - 0x00007ffd89c8f000 	C:\WINDOWS\SYSTEM32\USERENV.dll
0x00007ffd89fb0000 - 0x00007ffd89fbb000 	C:\WINDOWS\SYSTEM32\CRYPTBASE.dll
0x00007ffd836e0000 - 0x00007ffd836f6000 	C:\WINDOWS\SYSTEM32\dhcpcsvc6.DLL
0x00007ffd836c0000 - 0x00007ffd836da000 	C:\WINDOWS\SYSTEM32\dhcpcsvc.DLL

VM Arguments:
jvm_args: -Dfile.encoding=UTF-8 
java_command: br.edu.ifes.serra.config.Application
java_class_path (initial): C:\Users\amand\OneDrive\Documentos\GitHub\MicroGerencia\target\classes;C:\Users\amand\.m2\repository\org\springframework\boot\spring-boot-starter-data-jpa\1.5.2.RELEASE\spring-boot-starter-data-jpa-1.5.2.RELEASE.jar;C:\Users\amand\.m2\repository\org\springframework\boot\spring-boot-starter\1.5.2.RELEASE\spring-boot-starter-1.5.2.RELEASE.jar;C:\Users\amand\.m2\repository\org\springframework\boot\spring-boot\1.5.2.RELEASE\spring-boot-1.5.2.RELEASE.jar;C:\Users\amand\.m2\repository\org\springframework\boot\spring-boot-autoconfigure\1.5.2.RELEASE\spring-boot-autoconfigure-1.5.2.RELEASE.jar;C:\Users\amand\.m2\repository\org\springframework\boot\spring-boot-starter-logging\1.5.2.RELEASE\spring-boot-starter-logging-1.5.2.RELEASE.jar;C:\Users\amand\.m2\repository\ch\qos\logback\logback-classic\1.1.11\logback-classic-1.1.11.jar;C:\Users\amand\.m2\repository\ch\qos\logback\logback-core\1.1.11\logback-core-1.1.11.jar;C:\Users\amand\.m2\repository\org\slf4j\jul-to-slf4j\1.7.24\jul-to-slf4j-1.7.24.jar;C:\Users\amand\.m2\repository\org\slf4j\log4j-over-slf4j\1.7.24\log4j-over-slf4j-1.7.24.jar;C:\Users\amand\.m2\repository\org\yaml\snakeyaml\1.17\snakeyaml-1.17.jar;C:\Users\amand\.m2\repository\org\springframework\boot\spring-boot-starter-aop\1.5.2.RELEASE\spring-boot-starter-aop-1.5.2.RELEASE.jar;C:\Users\amand\.m2\repository\org\springframework\spring-aop\4.3.7.RELEASE\spring-aop-4.3.7.RELEASE.jar;C:\Users\amand\.m2\repository\org\aspectj\aspectjweaver\1.6.9\aspectjweaver-1.6.9.jar;C:\Users\amand\.m2\repository\org\springframework\boot\spring-boot-starter-jdbc\1.5.2.RELEASE\spring-boot-starter-jdbc-1.5.2.RELEASE.jar;C:\Users\amand\.m2\repository\org\apache\tomcat\tomcat-jdbc\8.5.11\tomcat-jdbc-8.5.11.jar;C:\Users\amand\.m2\repository\org\apache\tomcat\tomcat-juli\8.5.11\tomcat-juli-8.5.11.jar;C:\Users\amand\.m2\repository\org\springframework\spring-jdbc\4.3.7.RELEASE\spring-jdbc-4.3.7.RELEASE.jar;C:\Users\amand\.m2\repository\org\hibernate\hibernate-
Launcher Type: SUN_STANDARD

Environment Variables:
JAVA_HOME=C:\Program Files\Java\jdk1.8.0_111
CLASSPATH=C:\Program Files\Java\jdk1.8.0_111\lib;C:\Program Files\Java\jdk1.8.0_111\lib\tools.jar;C:\Program Files\Java\jdk1.8.0_111\lib\dt.jar;C:\Program Files\Java\jdk1.8.0_111\lib\htmlconverter.jar;C:\Program Files\Java\jdk1.8.0_111\jre\lib;C:\Program Files\Java\jdk1.8.0_111\jre\lib\rt.jar
PATH=C:/Program Files/Java/jre1.8.0_111/bin/server;C:/Program Files/Java/jre1.8.0_111/bin;C:/Program Files/Java/jre1.8.0_111/lib/amd64;C:\Program Files\Docker\Docker\Resources\bin;C:\Program Files (x86)\Python36-32\Scripts\;C:\Program Files (x86)\Python36-32\;C:\ProgramData\Oracle\Java\javapath;C:\Program Files (x86)\Intel\iCLS Client\;C:\Program Files\Intel\iCLS Client\;C:\WINDOWS\system32;C:\WINDOWS;C:\WINDOWS\System32\Wbem;C:\WINDOWS\System32\WindowsPowerShell\v1.0\;C:\Program Files (x86)\Intel\Intel(R) Management Engine Components\DAL;C:\Program Files\Intel\Intel(R) Management Engine Components\DAL;C:\Program Files (x86)\Intel\Intel(R) Management Engine Components\IPT;C:\Program Files\Intel\Intel(R) Management Engine Components\IPT;C:\Program Files\Java\jdk1.8.0_111\bin;C:\Program Files\Apache\maven\bin;C:\Users\amand\.dnx\bin;C:\Program Files\Microsoft DNX\Dnvm\;C:\Program Files\Microsoft SQL Server\130\Tools\Binn\;C:\Program Files (x86)\Microsoft Emulator Manager\1.0\;C:\Program Files (x86)\Windows Kits\10\Windows Performance Toolkit\;C:\bin\opt\gradle\gradle-3.4\bin;C:\HashiCorp\Vagrant\bin;C:\Program Files\nodejs\;C:\Program Files\MySQL\MySQL Utilities 1.6\;C:\Program Files (x86)\AMD\ATI.ACE\Core-Static;C:\Program Files\Intel\WiFi\bin\;C:\Program Files\Common Files\Intel\WirelessCommon\;C:\Program Files\Git\cmd;C:\Program Files\Git\mingw64\bin;C:\Program Files\Git\usr\bin;C:\Ruby23-x64\bin;C:\Users\amand\AppData\Local\Microsoft\WindowsApps;C:\Users\amand\AppData\Roaming\npm;C:\Program Files (x86)\Microsoft VS Code\bin;C:\Program Files\Intel\WiFi\bin\;C:\Program Files\Common Files\Intel\WirelessCommon\;C:\Program Files\Heroku\bin;C:\WINDOWS\System32;
USERNAME=amand
OS=Windows_NT
PROCESSOR_IDENTIFIER=Intel64 Family 6 Model 61 Stepping 4, GenuineIntel



---------------  S Y S T E M  ---------------

OS: Windows 10.0 , 64 bit Build 14393 (10.0.14393.0)

CPU:total 4 (2 cores per cpu, 2 threads per core) family 6 model 61 stepping 4, cmov, cx8, fxsr, mmx, sse, sse2, sse3, ssse3, sse4.1, sse4.2, popcnt, avx, avx2, aes, clmul, erms, 3dnowpref, lzcnt, ht, tsc, tscinvbit, bmi1, bmi2, adx

Memory: 4k page, physical 8306224k(1254216k free), swap 8306224k(10452k free)

vm_info: Java HotSpot(TM) 64-Bit Server VM (25.111-b14) for windows-amd64 JRE (1.8.0_111-b14), built on Sep 22 2016 19:24:05 by "java_re" with MS VC++ 10.0 (VS2010)

time: Thu May 04 11:39:49 2017
elapsed time: 3 seconds (0d 0h 0m 3s)

