#
# There is insufficient memory for the Java Runtime Environment to continue.
# Native memory allocation (malloc) failed to allocate 994176 bytes for Chunk::new
# Possible reasons:
#   The system is out of physical RAM or swap space
#   In 32 bit mode, the process size limit was hit
# Possible solutions:
#   Reduce memory load on the system
#   Increase physical memory or swap space
#   Check if swap backing store is full
#   Use 64 bit Java on a 64 bit OS
#   Decrease Java heap size (-Xmx/-Xms)
#   Decrease number of Java threads
#   Decrease Java thread stack sizes (-Xss)
#   Set larger code cache with -XX:ReservedCodeCacheSize=
# This output file may be truncated or incomplete.
#
#  Out of Memory Error (allocation.cpp:390), pid=6248, tid=0x0000000000002188
#
# JRE version: Java(TM) SE Runtime Environment (8.0_111-b14) (build 1.8.0_111-b14)
# Java VM: Java HotSpot(TM) 64-Bit Server VM (25.111-b14 mixed mode windows-amd64 compressed oops)
# Failed to write core dump. Minidumps are not enabled by default on client versions of Windows
#

---------------  T H R E A D  ---------------

Current thread (0x0000000017328800):  JavaThread "C2 CompilerThread1" daemon [_thread_in_native, id=8584, stack(0x0000000018a80000,0x0000000018b80000)]

Stack: [0x0000000018a80000,0x0000000018b80000]
[error occurred during error reporting (printing stack bounds), id 0xc0000005]

Native frames: (J=compiled Java code, j=interpreted, Vv=VM code, C=native code)


Current CompileTask:
C2:   5760 3412   !   4       java.net.URL::<init> (543 bytes)


---------------  P R O C E S S  ---------------

Java Threads: ( => current thread )
  0x000000001dd49800 JavaThread "container-0" [_thread_blocked, id=11980, stack(0x000000001e760000,0x000000001e860000)]
  0x000000001ca1c000 JavaThread "ContainerBackgroundProcessor[StandardEngine[Tomcat]]" daemon [_thread_blocked, id=7408, stack(0x000000001e430000,0x000000001e530000)]
  0x000000001c234000 JavaThread "localhost-startStop-1" daemon [_thread_blocked, id=12272, stack(0x000000001e130000,0x000000001e230000)]
  0x000000001c1f2800 JavaThread "Tomcat-startStop-1" daemon [_thread_blocked, id=8588, stack(0x000000001ca20000,0x000000001cb20000)]
  0x0000000018cb8800 JavaThread "Service Thread" daemon [_thread_blocked, id=7028, stack(0x0000000019080000,0x0000000019180000)]
  0x000000001732e800 JavaThread "C1 CompilerThread2" daemon [_thread_blocked, id=5148, stack(0x0000000018b80000,0x0000000018c80000)]
=>0x0000000017328800 JavaThread "C2 CompilerThread1" daemon [_thread_in_native, id=8584, stack(0x0000000018a80000,0x0000000018b80000)]
  0x0000000017326000 JavaThread "C2 CompilerThread0" daemon [_thread_blocked, id=10344, stack(0x0000000018980000,0x0000000018a80000)]
  0x0000000017322800 JavaThread "Attach Listener" daemon [_thread_blocked, id=4480, stack(0x0000000018880000,0x0000000018980000)]
  0x0000000017321000 JavaThread "Signal Dispatcher" daemon [_thread_blocked, id=11652, stack(0x0000000018780000,0x0000000018880000)]
  0x000000001730b800 JavaThread "Finalizer" daemon [_thread_blocked, id=8540, stack(0x0000000018580000,0x0000000018680000)]
  0x00000000027a5000 JavaThread "Reference Handler" daemon [_thread_blocked, id=1688, stack(0x0000000018480000,0x0000000018580000)]
  0x00000000026b4000 JavaThread "main" [_thread_blocked, id=6784, stack(0x00000000025b0000,0x00000000026b0000)]

Other Threads:
  0x00000000172e7800 VMThread [stack: 0x0000000018380000,0x0000000018480000] [id=11576]
  0x0000000018ccc000 WatcherThread [stack: 0x0000000019180000,0x0000000019280000] [id=4328]

VM state:at safepoint (normal execution)

VM Mutex/Monitor currently owned by a thread:  ([mutex/lock_event])
[0x00000000026b13d0] Threads_lock - owner thread: 0x00000000172e7800
[0x00000000026b1a50] Heap_lock - owner thread: 0x00000000026b4000

Heap:
 PSYoungGen      total 171520K, used 4167K [0x00000000d5c00000, 0x00000000e3000000, 0x0000000100000000)
  eden space 158720K, 0% used [0x00000000d5c00000,0x00000000d5c00000,0x00000000df700000)
  from space 12800K, 32% used [0x00000000df700000,0x00000000dfb11fd0,0x00000000e0380000)
  to   space 11264K, 0% used [0x00000000e0380000,0x00000000e0380000,0x00000000e0e80000)
 ParOldGen       total 97280K, used 21036K [0x0000000081400000, 0x0000000087300000, 0x00000000d5c00000)
  object space 97280K, 21% used [0x0000000081400000,0x000000008288b130,0x0000000087300000)
 Metaspace       used 38087K, capacity 38404K, committed 38656K, reserved 1089536K
  class space    used 4961K, capacity 5063K, committed 5120K, reserved 1048576K

Card table byte_map: [0x0000000011b70000,0x0000000011f70000] byte_map_base: 0x0000000011766000

Marking Bits: (ParMarkBitMap*) 0x000000005afea6c0
 Begin Bits: [0x0000000012620000, 0x00000000145d0000)
 End Bits:   [0x00000000145d0000, 0x0000000016580000)

Polling page: 0x0000000000d70000

CodeCache: size=245760Kb used=13232Kb max_used=13322Kb free=232527Kb
 bounds [0x00000000027b0000, 0x00000000034c0000, 0x00000000117b0000]
 total_blobs=4058 nmethods=3588 adapters=382
 compilation: enabled

Compilation events (10 events):
Event: 5.608 Thread 0x000000001732e800 nmethod 3617 0x0000000002a46410 code [0x0000000002a46560, 0x0000000002a46670]
Event: 5.608 Thread 0x000000001732e800 3618       1       org.hibernate.persister.walking.internal.EntityIdentifierDefinitionHelper$1::getAttributeDefinition (5 bytes)
Event: 5.608 Thread 0x000000001732e800 nmethod 3618 0x0000000002a46150 code [0x0000000002a462a0, 0x0000000002a463b0]
Event: 5.608 Thread 0x000000001732e800 3619       1       org.hibernate.loader.plan.exec.query.internal.QueryBuildingParametersImpl::getLockMode (5 bytes)
Event: 5.608 Thread 0x000000001732e800 nmethod 3619 0x0000000002a45e90 code [0x0000000002a45fe0, 0x0000000002a460f0]
Event: 5.608 Thread 0x000000001732e800 3620       1       org.hibernate.persister.entity.AbstractEntityPersister::getIdentifierAliases (5 bytes)
Event: 5.608 Thread 0x000000001732e800 nmethod 3620 0x00000000028c6490 code [0x00000000028c65e0, 0x00000000028c66f0]
Event: 5.608 Thread 0x000000001732e800 3621       3       org.hibernate.sql.Alias::getUnquotedAliasString (72 bytes)
Event: 5.608 Thread 0x000000001732e800 nmethod 3621 0x0000000002a17ed0 code [0x0000000002a180c0, 0x0000000002a18c08]
Event: 5.608 Thread 0x000000001732e800 3622       1       org.hibernate.tuple.entity.EntityMetamodel::getPropertyNames (5 bytes)

GC Heap History (10 events):
Event: 1.903 GC heap before
{Heap before GC invocations=6 (full 1):
 PSYoungGen      total 71680K, used 5091K [0x00000000d5c00000, 0x00000000df300000, 0x0000000100000000)
  eden space 66560K, 0% used [0x00000000d5c00000,0x00000000d5c00000,0x00000000d9d00000)
  from space 5120K, 99% used [0x00000000d9d00000,0x00000000da1f8f20,0x00000000da200000)
  to   space 10752K, 0% used [0x00000000de880000,0x00000000de880000,0x00000000df300000)
 ParOldGen       total 87552K, used 12702K [0x0000000081400000, 0x0000000086980000, 0x00000000d5c00000)
  object space 87552K, 14% used [0x0000000081400000,0x0000000082067a20,0x0000000086980000)
 Metaspace       used 20846K, capacity 21160K, committed 21296K, reserved 1069056K
  class space    used 2568K, capacity 2669K, committed 2688K, reserved 1048576K
Event: 1.942 GC heap after
Heap after GC invocations=6 (full 1):
 PSYoungGen      total 71680K, used 0K [0x00000000d5c00000, 0x00000000df300000, 0x0000000100000000)
  eden space 66560K, 0% used [0x00000000d5c00000,0x00000000d5c00000,0x00000000d9d00000)
  from space 5120K, 0% used [0x00000000d9d00000,0x00000000d9d00000,0x00000000da200000)
  to   space 10752K, 0% used [0x00000000de880000,0x00000000de880000,0x00000000df300000)
 ParOldGen       total 61952K, used 10458K [0x0000000081400000, 0x0000000085080000, 0x00000000d5c00000)
  object space 61952K, 16% used [0x0000000081400000,0x0000000081e36b48,0x0000000085080000)
 Metaspace       used 20846K, capacity 21160K, committed 21296K, reserved 1069056K
  class space    used 2568K, capacity 2669K, committed 2688K, reserved 1048576K
}
Event: 2.754 GC heap before
{Heap before GC invocations=7 (full 1):
 PSYoungGen      total 71680K, used 66560K [0x00000000d5c00000, 0x00000000df300000, 0x0000000100000000)
  eden space 66560K, 100% used [0x00000000d5c00000,0x00000000d9d00000,0x00000000d9d00000)
  from space 5120K, 0% used [0x00000000d9d00000,0x00000000d9d00000,0x00000000da200000)
  to   space 10752K, 0% used [0x00000000de880000,0x00000000de880000,0x00000000df300000)
 ParOldGen       total 61952K, used 10458K [0x0000000081400000, 0x0000000085080000, 0x00000000d5c00000)
  object space 61952K, 16% used [0x0000000081400000,0x0000000081e36b48,0x0000000085080000)
 Metaspace       used 24526K, capacity 24842K, committed 25216K, reserved 1071104K
  class space    used 3071K, capacity 3160K, committed 3200K, reserved 1048576K
Event: 2.763 GC heap after
Heap after GC invocations=7 (full 1):
 PSYoungGen      total 110592K, used 5606K [0x00000000d5c00000, 0x00000000dee00000, 0x0000000100000000)
  eden space 104960K, 0% used [0x00000000d5c00000,0x00000000d5c00000,0x00000000dc280000)
  from space 5632K, 99% used [0x00000000de880000,0x00000000dedf9a80,0x00000000dee00000)
  to   space 10752K, 0% used [0x00000000dd900000,0x00000000dd900000,0x00000000de380000)
 ParOldGen       total 61952K, used 10466K [0x0000000081400000, 0x0000000085080000, 0x00000000d5c00000)
  object space 61952K, 16% used [0x0000000081400000,0x0000000081e38b48,0x0000000085080000)
 Metaspace       used 24526K, capacity 24842K, committed 25216K, reserved 1071104K
  class space    used 3071K, capacity 3160K, committed 3200K, reserved 1048576K
}
Event: 4.155 GC heap before
{Heap before GC invocations=8 (full 1):
 PSYoungGen      total 110592K, used 110566K [0x00000000d5c00000, 0x00000000dee00000, 0x0000000100000000)
  eden space 104960K, 100% used [0x00000000d5c00000,0x00000000dc280000,0x00000000dc280000)
  from space 5632K, 99% used [0x00000000de880000,0x00000000dedf9a80,0x00000000dee00000)
  to   space 10752K, 0% used [0x00000000dd900000,0x00000000dd900000,0x00000000de380000)
 ParOldGen       total 61952K, used 10466K [0x0000000081400000, 0x0000000085080000, 0x00000000d5c00000)
  object space 61952K, 16% used [0x0000000081400000,0x0000000081e38b48,0x0000000085080000)
 Metaspace       used 28874K, capacity 29214K, committed 29568K, reserved 1075200K
  class space    used 3594K, capacity 3686K, committed 3712K, reserved 1048576K
Event: 4.165 GC heap after
Heap after GC invocations=8 (full 1):
 PSYoungGen      total 138752K, used 9331K [0x00000000d5c00000, 0x00000000e0e80000, 0x0000000100000000)
  eden space 128000K, 0% used [0x00000000d5c00000,0x00000000d5c00000,0x00000000dd900000)
  from space 10752K, 86% used [0x00000000dd900000,0x00000000de21cd78,0x00000000de380000)
  to   space 11264K, 0% used [0x00000000e0380000,0x00000000e0380000,0x00000000e0e80000)
 ParOldGen       total 61952K, used 10474K [0x0000000081400000, 0x0000000085080000, 0x00000000d5c00000)
  object space 61952K, 16% used [0x0000000081400000,0x0000000081e3ab48,0x0000000085080000)
 Metaspace       used 28874K, capacity 29214K, committed 29568K, reserved 1075200K
  class space    used 3594K, capacity 3686K, committed 3712K, reserved 1048576K
}
Event: 5.175 GC heap before
{Heap before GC invocations=9 (full 1):
 PSYoungGen      total 138752K, used 50496K [0x00000000d5c00000, 0x00000000e0e80000, 0x0000000100000000)
  eden space 128000K, 32% used [0x00000000d5c00000,0x00000000d8433620,0x00000000dd900000)
  from space 10752K, 86% used [0x00000000dd900000,0x00000000de21cd78,0x00000000de380000)
  to   space 11264K, 0% used [0x00000000e0380000,0x00000000e0380000,0x00000000e0e80000)
 ParOldGen       total 61952K, used 10474K [0x0000000081400000, 0x0000000085080000, 0x00000000d5c00000)
  object space 61952K, 16% used [0x0000000081400000,0x0000000081e3ab48,0x0000000085080000)
 Metaspace       used 34872K, capacity 35236K, committed 35496K, reserved 1081344K
  class space    used 4494K, capacity 4583K, committed 4608K, reserved 1048576K
Event: 5.188 GC heap after
Heap after GC invocations=9 (full 1):
 PSYoungGen      total 169984K, used 11257K [0x00000000d5c00000, 0x00000000e3000000, 0x0000000100000000)
  eden space 158720K, 0% used [0x00000000d5c00000,0x00000000d5c00000,0x00000000df700000)
  from space 11264K, 99% used [0x00000000e0380000,0x00000000e0e7e528,0x00000000e0e80000)
  to   space 12800K, 0% used [0x00000000df700000,0x00000000df700000,0x00000000e0380000)
 ParOldGen       total 61952K, used 11339K [0x0000000081400000, 0x0000000085080000, 0x00000000d5c00000)
  object space 61952K, 18% used [0x0000000081400000,0x0000000081f12cd0,0x0000000085080000)
 Metaspace       used 34872K, capacity 35236K, committed 35496K, reserved 1081344K
  class space    used 4494K, capacity 4583K, committed 4608K, reserved 1048576K
}
Event: 5.188 GC heap before
{Heap before GC invocations=10 (full 2):
 PSYoungGen      total 169984K, used 11257K [0x00000000d5c00000, 0x00000000e3000000, 0x0000000100000000)
  eden space 158720K, 0% used [0x00000000d5c00000,0x00000000d5c00000,0x00000000df700000)
  from space 11264K, 99% used [0x00000000e0380000,0x00000000e0e7e528,0x00000000e0e80000)
  to   space 12800K, 0% used [0x00000000df700000,0x00000000df700000,0x00000000e0380000)
 ParOldGen       total 61952K, used 11339K [0x0000000081400000, 0x0000000085080000, 0x00000000d5c00000)
  object space 61952K, 18% used [0x0000000081400000,0x0000000081f12cd0,0x0000000085080000)
 Metaspace       used 34872K, capacity 35236K, committed 35496K, reserved 1081344K
  class space    used 4494K, capacity 4583K, committed 4608K, reserved 1048576K
Event: 5.267 GC heap after
Heap after GC invocations=10 (full 2):
 PSYoungGen      total 169984K, used 0K [0x00000000d5c00000, 0x00000000e3000000, 0x0000000100000000)
  eden space 158720K, 0% used [0x00000000d5c00000,0x00000000d5c00000,0x00000000df700000)
  from space 11264K, 0% used [0x00000000e0380000,0x00000000e0380000,0x00000000e0e80000)
  to   space 12800K, 0% used [0x00000000df700000,0x00000000df700000,0x00000000e0380000)
 ParOldGen       total 97280K, used 21028K [0x0000000081400000, 0x0000000087300000, 0x00000000d5c00000)
  object space 97280K, 21% used [0x0000000081400000,0x0000000082889130,0x0000000087300000)
 Metaspace       used 34872K, capacity 35236K, committed 35496K, reserved 1081344K
  class space    used 4494K, capacity 4583K, committed 4608K, reserved 1048576K
}

Deoptimization events (10 events):
Event: 5.112 Thread 0x00000000026b4000 Uncommon trap: reason=bimorphic action=maybe_recompile pc=0x0000000003204ee8 method=java.lang.ClassLoader.loadClass(Ljava/lang/String;Z)Ljava/lang/Class; @ 2
Event: 5.113 Thread 0x00000000026b4000 Uncommon trap: reason=bimorphic action=maybe_recompile pc=0x0000000003204ee8 method=java.lang.ClassLoader.loadClass(Ljava/lang/String;Z)Ljava/lang/Class; @ 2
Event: 5.420 Thread 0x00000000026b4000 Uncommon trap: reason=unstable_if action=reinterpret pc=0x00000000029a8c90 method=java.lang.AbstractStringBuilder.append(Ljava/lang/String;)Ljava/lang/AbstractStringBuilder; @ 1
Event: 5.527 Thread 0x00000000026b4000 Uncommon trap: reason=unstable_if action=reinterpret pc=0x0000000002b13490 method=java.util.HashMap.putVal(ILjava/lang/Object;Ljava/lang/Object;ZZ)Ljava/lang/Object; @ 162
Event: 5.527 Thread 0x00000000026b4000 Uncommon trap: reason=unstable_if action=reinterpret pc=0x0000000002adc3a4 method=java.util.HashMap.getNode(ILjava/lang/Object;)Ljava/util/HashMap$Node; @ 84
Event: 5.527 Thread 0x00000000026b4000 Uncommon trap: reason=unstable_if action=reinterpret pc=0x0000000002a16b94 method=java.util.HashMap.getNode(ILjava/lang/Object;)Ljava/util/HashMap$Node; @ 84
Event: 5.527 Thread 0x00000000026b4000 Uncommon trap: reason=unstable_if action=reinterpret pc=0x0000000002d386a8 method=java.util.HashMap.resize()[Ljava/util/HashMap$Node; @ 206
Event: 5.527 Thread 0x00000000026b4000 Uncommon trap: reason=unstable_if action=reinterpret pc=0x0000000002b128b0 method=java.util.HashMap.putVal(ILjava/lang/Object;Ljava/lang/Object;ZZ)Ljava/lang/Object; @ 109
Event: 5.528 Thread 0x00000000026b4000 Uncommon trap: reason=class_check action=maybe_recompile pc=0x00000000033c35e0 method=java.io.FilterOutputStream.write([B)V @ 5
Event: 5.528 Thread 0x00000000026b4000 Uncommon trap: reason=class_check action=maybe_recompile pc=0x00000000033c35e0 method=java.io.FilterOutputStream.write([B)V @ 5

Internal exceptions (10 events):
Event: 4.037 Thread 0x00000000026b4000 Exception <a 'java/lang/ClassNotFoundException': org/springframework/beans/factory/BeanNameAwareCustomizer> (0x00000000dbf097d0) thrown at [C:\re\workspace\8-2-build-windows-amd64-cygwin\jdk8u111\7883\hotspot\src\share\vm\classfile\systemDictionary.cpp, l
Event: 4.037 Thread 0x00000000026b4000 Exception <a 'java/lang/ClassNotFoundException': org/springframework/beans/factory/InitializingBeanCustomizer> (0x00000000dbf1c8c8) thrown at [C:\re\workspace\8-2-build-windows-amd64-cygwin\jdk8u111\7883\hotspot\src\share\vm\classfile\systemDictionary.cpp
Event: 4.038 Thread 0x00000000026b4000 Exception <a 'java/lang/ClassNotFoundException': org/springframework/beans/factory/DisposableBeanCustomizer> (0x00000000dbf2e560) thrown at [C:\re\workspace\8-2-build-windows-amd64-cygwin\jdk8u111\7883\hotspot\src\share\vm\classfile\systemDictionary.cpp, 
Event: 4.038 Thread 0x00000000026b4000 Exception <a 'java/lang/ClassNotFoundException': org/springframework/orm/jpa/EntityManagerFactoryInfoCustomizer> (0x00000000dbf41368) thrown at [C:\re\workspace\8-2-build-windows-amd64-cygwin\jdk8u111\7883\hotspot\src\share\vm\classfile\systemDictionary.c
Event: 4.040 Thread 0x00000000026b4000 Exception <a 'java/lang/ClassNotFoundException': org/springframework/dao/support/PersistenceExceptionTranslatorCustomizer> (0x00000000dbf5f910) thrown at [C:\re\workspace\8-2-build-windows-amd64-cygwin\jdk8u111\7883\hotspot\src\share\vm\classfile\systemDi
Event: 4.040 Thread 0x00000000026b4000 Exception <a 'java/lang/ClassNotFoundException': java/io/SerializableCustomizer> (0x00000000dbf66790) thrown at [C:\re\workspace\8-2-build-windows-amd64-cygwin\jdk8u111\7883\hotspot\src\share\vm\classfile\systemDictionary.cpp, line 210]
Event: 5.037 Thread 0x00000000026b4000 Exception <a 'java/lang/AbstractMethodError': org.postgresql.jdbc3g.Jdbc3gConnection.getSchema()Ljava/lang/String;> (0x00000000d792d168) thrown at [C:\re\workspace\8-2-build-windows-amd64-cygwin\jdk8u111\7883\hotspot\src\share\vm\interpreter\linkResolver.
Event: 5.037 Thread 0x00000000026b4000 Exception <a 'java/lang/reflect/InvocationTargetException'> (0x00000000d792d558) thrown at [C:\re\workspace\8-2-build-windows-amd64-cygwin\jdk8u111\7883\hotspot\src\share\vm\runtime\reflection.cpp, line 954]
Event: 5.106 Thread 0x00000000026b4000 Implicit null exception at 0x000000000314c3f1 to 0x000000000314c7f1
Event: 5.420 Thread 0x00000000026b4000 Implicit null exception at 0x00000000029a88d6 to 0x00000000029a8c79

Events (10 events):
Event: 5.602 loading class org/hibernate/engine/spi/CascadingActions$9
Event: 5.602 loading class org/hibernate/engine/spi/CascadingActions$9 done
Event: 5.603 loading class org/hibernate/loader/JoinWalker$AssociationInitCallback
Event: 5.603 loading class org/hibernate/loader/JoinWalker$AssociationInitCallback done
Event: 5.603 loading class org/hibernate/loader/JoinWalker$AssociationInitCallback$1
Event: 5.603 loading class org/hibernate/loader/JoinWalker$AssociationInitCallback$1 done
Event: 5.603 loading class org/hibernate/loader/OuterJoinableAssociation
Event: 5.603 loading class org/hibernate/loader/OuterJoinableAssociation done
Event: 5.604 loading class org/hibernate/engine/internal/JoinHelper
Event: 5.604 loading class org/hibernate/engine/internal/JoinHelper done


Dynamic libraries:
0x00007ff77a9e0000 - 0x00007ff77aa17000 	C:\Program Files\Java\jdk1.8.0_111\bin\javaw.exe
0x00007ffa07ef0000 - 0x00007ffa080c1000 	C:\WINDOWS\SYSTEM32\ntdll.dll
0x00007ffa07840000 - 0x00007ffa078eb000 	C:\WINDOWS\System32\KERNEL32.DLL
0x00007ffa04f10000 - 0x00007ffa0512d000 	C:\WINDOWS\System32\KERNELBASE.dll
0x00007ffa078f0000 - 0x00007ffa07992000 	C:\WINDOWS\System32\ADVAPI32.dll
0x00007ffa079a0000 - 0x00007ffa07a3e000 	C:\WINDOWS\System32\msvcrt.dll
0x00007ffa07e60000 - 0x00007ffa07eb9000 	C:\WINDOWS\System32\sechost.dll
0x00007ffa058a0000 - 0x00007ffa059c1000 	C:\WINDOWS\System32\RPCRT4.dll
0x00007ffa07b90000 - 0x00007ffa07cf5000 	C:\WINDOWS\System32\USER32.dll
0x00007ffa05300000 - 0x00007ffa0531e000 	C:\WINDOWS\System32\win32u.dll
0x00007ffa07a40000 - 0x00007ffa07a74000 	C:\WINDOWS\System32\GDI32.dll
0x00007ffa043e0000 - 0x00007ffa04562000 	C:\WINDOWS\System32\gdi32full.dll
0x00007ff9f2c50000 - 0x00007ff9f2eca000 	C:\WINDOWS\WinSxS\amd64_microsoft.windows.common-controls_6595b64144ccf1df_6.0.14393.953_none_42151e83c686086b\COMCTL32.dll
0x00007ffa055d0000 - 0x00007ffa05898000 	C:\WINDOWS\System32\combase.dll
0x00007ffa05130000 - 0x00007ffa05225000 	C:\WINDOWS\System32\ucrtbase.dll
0x00007ffa05290000 - 0x00007ffa052fa000 	C:\WINDOWS\System32\bcryptPrimitives.dll
0x00007ffa07ec0000 - 0x00007ffa07eee000 	C:\WINDOWS\System32\IMM32.DLL
0x000000005ce40000 - 0x000000005cf12000 	C:\Program Files\Java\jdk1.8.0_111\jre\bin\msvcr100.dll
0x000000005a7d0000 - 0x000000005b06a000 	C:\Program Files\Java\jdk1.8.0_111\jre\bin\server\jvm.dll
0x00007ffa059d0000 - 0x00007ffa059d8000 	C:\WINDOWS\System32\PSAPI.DLL
0x00007ff9f5510000 - 0x00007ff9f5519000 	C:\WINDOWS\SYSTEM32\WSOCK32.dll
0x00007ff9f5530000 - 0x00007ff9f553a000 	C:\WINDOWS\SYSTEM32\VERSION.dll
0x00007ffa02950000 - 0x00007ffa02973000 	C:\WINDOWS\SYSTEM32\WINMM.dll
0x00007ffa07a80000 - 0x00007ffa07aea000 	C:\WINDOWS\System32\WS2_32.dll
0x00007ffa02550000 - 0x00007ffa0257b000 	C:\WINDOWS\SYSTEM32\WINMMBASE.dll
0x00007ffa04cf0000 - 0x00007ffa04d32000 	C:\WINDOWS\System32\cfgmgr32.dll
0x000000005cde0000 - 0x000000005cdef000 	C:\Program Files\Java\jdk1.8.0_111\jre\bin\verify.dll
0x000000005cdb0000 - 0x000000005cdd9000 	C:\Program Files\Java\jdk1.8.0_111\jre\bin\java.dll
0x000000005cd90000 - 0x000000005cda6000 	C:\Program Files\Java\jdk1.8.0_111\jre\bin\zip.dll
0x00007ffa05a10000 - 0x00007ffa06f18000 	C:\WINDOWS\System32\SHELL32.dll
0x00007ffa04610000 - 0x00007ffa04cea000 	C:\WINDOWS\System32\windows.storage.dll
0x00007ffa04370000 - 0x00007ffa043bc000 	C:\WINDOWS\System32\powrprof.dll
0x00007ffa07e00000 - 0x00007ffa07e52000 	C:\WINDOWS\System32\shlwapi.dll
0x00007ffa043c0000 - 0x00007ffa043cf000 	C:\WINDOWS\System32\kernel.appcore.dll
0x00007ffa053d0000 - 0x00007ffa05479000 	C:\WINDOWS\System32\shcore.dll
0x00007ffa04350000 - 0x00007ffa04364000 	C:\WINDOWS\System32\profapi.dll
0x000000005cb50000 - 0x000000005cb5d000 	C:\Program Files\Java\jdk1.8.0_111\jre\bin\management.dll
0x000000005cb80000 - 0x000000005cb9a000 	C:\Program Files\Java\jdk1.8.0_111\jre\bin\net.dll
0x00007ffa03c80000 - 0x00007ffa03cdc000 	C:\WINDOWS\system32\mswsock.dll
0x00007ff9f0520000 - 0x00007ff9f0536000 	C:\WINDOWS\system32\napinsp.dll
0x00007ff9f0660000 - 0x00007ff9f067a000 	C:\WINDOWS\system32\pnrpnsp.dll
0x00007ffa01950000 - 0x00007ffa01968000 	C:\WINDOWS\system32\NLAapi.dll
0x00007ffa03a70000 - 0x00007ffa03b11000 	C:\WINDOWS\SYSTEM32\DNSAPI.dll
0x00007ffa05a00000 - 0x00007ffa05a08000 	C:\WINDOWS\System32\NSI.dll
0x00007ffa03a00000 - 0x00007ffa03a38000 	C:\WINDOWS\SYSTEM32\IPHLPAPI.DLL
0x00007ff9f0680000 - 0x00007ff9f068e000 	C:\WINDOWS\System32\winrnr.dll
0x00007ff9f96c0000 - 0x00007ff9f96ca000 	C:\Windows\System32\rasadhlp.dll
0x00007ff9faa60000 - 0x00007ff9faaca000 	C:\WINDOWS\System32\fwpuclnt.dll
0x00007ffa03f50000 - 0x00007ffa03f7b000 	C:\WINDOWS\SYSTEM32\bcrypt.dll
0x000000005cb60000 - 0x000000005cb71000 	C:\Program Files\Java\jdk1.8.0_111\jre\bin\nio.dll
0x00007ffa03e20000 - 0x00007ffa03e37000 	C:\WINDOWS\SYSTEM32\CRYPTSP.dll
0x00007ffa03880000 - 0x00007ffa038b3000 	C:\WINDOWS\system32\rsaenh.dll
0x00007ffa03a40000 - 0x00007ffa03a5f000 	C:\WINDOWS\SYSTEM32\USERENV.dll
0x00007ffa03e40000 - 0x00007ffa03e4b000 	C:\WINDOWS\SYSTEM32\CRYPTBASE.dll
0x00007ff9fc310000 - 0x00007ff9fc326000 	C:\WINDOWS\SYSTEM32\dhcpcsvc6.DLL
0x00007ff9fc2f0000 - 0x00007ff9fc30a000 	C:\WINDOWS\SYSTEM32\dhcpcsvc.DLL

VM Arguments:
jvm_args: -Dfile.encoding=UTF-8 
java_command: br.edu.ifes.serra.Application
java_class_path (initial): C:\Users\amand\OneDrive\Documentos\GitHub\MicroGerencia\target\classes;C:\Users\amand\.m2\repository\org\springframework\boot\spring-boot-starter-data-jpa\1.5.2.RELEASE\spring-boot-starter-data-jpa-1.5.2.RELEASE.jar;C:\Users\amand\.m2\repository\org\springframework\boot\spring-boot-starter\1.5.2.RELEASE\spring-boot-starter-1.5.2.RELEASE.jar;C:\Users\amand\.m2\repository\org\springframework\boot\spring-boot\1.5.2.RELEASE\spring-boot-1.5.2.RELEASE.jar;C:\Users\amand\.m2\repository\org\springframework\boot\spring-boot-autoconfigure\1.5.2.RELEASE\spring-boot-autoconfigure-1.5.2.RELEASE.jar;C:\Users\amand\.m2\repository\org\springframework\boot\spring-boot-starter-logging\1.5.2.RELEASE\spring-boot-starter-logging-1.5.2.RELEASE.jar;C:\Users\amand\.m2\repository\ch\qos\logback\logback-classic\1.1.11\logback-classic-1.1.11.jar;C:\Users\amand\.m2\repository\ch\qos\logback\logback-core\1.1.11\logback-core-1.1.11.jar;C:\Users\amand\.m2\repository\org\slf4j\jul-to-slf4j\1.7.24\jul-to-slf4j-1.7.24.jar;C:\Users\amand\.m2\repository\org\slf4j\log4j-over-slf4j\1.7.24\log4j-over-slf4j-1.7.24.jar;C:\Users\amand\.m2\repository\org\yaml\snakeyaml\1.17\snakeyaml-1.17.jar;C:\Users\amand\.m2\repository\org\springframework\boot\spring-boot-starter-aop\1.5.2.RELEASE\spring-boot-starter-aop-1.5.2.RELEASE.jar;C:\Users\amand\.m2\repository\org\springframework\spring-aop\4.3.7.RELEASE\spring-aop-4.3.7.RELEASE.jar;C:\Users\amand\.m2\repository\org\aspectj\aspectjweaver\1.6.9\aspectjweaver-1.6.9.jar;C:\Users\amand\.m2\repository\org\springframework\boot\spring-boot-starter-jdbc\1.5.2.RELEASE\spring-boot-starter-jdbc-1.5.2.RELEASE.jar;C:\Users\amand\.m2\repository\org\apache\tomcat\tomcat-jdbc\8.5.11\tomcat-jdbc-8.5.11.jar;C:\Users\amand\.m2\repository\org\apache\tomcat\tomcat-juli\8.5.11\tomcat-juli-8.5.11.jar;C:\Users\amand\.m2\repository\org\springframework\spring-jdbc\4.3.7.RELEASE\spring-jdbc-4.3.7.RELEASE.jar;C:\Users\amand\.m2\repository\org\hibernate\hibernate-
Launcher Type: SUN_STANDARD

Environment Variables:
JAVA_HOME=C:\Program Files\Java\jdk1.8.0_111
CLASSPATH=C:\Program Files\Java\jdk1.8.0_111\lib;C:\Program Files\Java\jdk1.8.0_111\lib\tools.jar;C:\Program Files\Java\jdk1.8.0_111\lib\dt.jar;C:\Program Files\Java\jdk1.8.0_111\lib\htmlconverter.jar;C:\Program Files\Java\jdk1.8.0_111\jre\lib;C:\Program Files\Java\jdk1.8.0_111\jre\lib\rt.jar
PATH=C:/Program Files/Java/jre1.8.0_111/bin/server;C:/Program Files/Java/jre1.8.0_111/bin;C:/Program Files/Java/jre1.8.0_111/lib/amd64;C:\Program Files\Docker\Docker\Resources\bin;C:\Program Files (x86)\Python36-32\Scripts\;C:\Program Files (x86)\Python36-32\;C:\ProgramData\Oracle\Java\javapath;C:\Program Files (x86)\Intel\iCLS Client\;C:\Program Files\Intel\iCLS Client\;C:\WINDOWS\system32;C:\WINDOWS;C:\WINDOWS\System32\Wbem;C:\WINDOWS\System32\WindowsPowerShell\v1.0\;C:\Program Files (x86)\Intel\Intel(R) Management Engine Components\DAL;C:\Program Files\Intel\Intel(R) Management Engine Components\DAL;C:\Program Files (x86)\Intel\Intel(R) Management Engine Components\IPT;C:\Program Files\Intel\Intel(R) Management Engine Components\IPT;C:\Program Files\Java\jdk1.8.0_111\bin;C:\Program Files\Apache\maven\bin;C:\WINDOWS\system32\config\systemprofile\.dnx\bin;C:\Program Files\Microsoft DNX\Dnvm\;C:\Program Files\Microsoft SQL Server\130\Tools\Binn\;C:\Program Files (x86)\Microsoft Emulator Manager\1.0\;C:\Program Files (x86)\Windows Kits\10\Windows Performance Toolkit\;C:\bin\opt\gradle\gradle-3.4\bin;C:\HashiCorp\Vagrant\bin;C:\Program Files\nodejs\;C:\Program Files\MySQL\MySQL Utilities 1.6\;C:\Program Files (x86)\AMD\ATI.ACE\Core-Static;C:\Program Files\Intel\WiFi\bin\;C:\Program Files\Common Files\Intel\WirelessCommon\;C:\Program Files\Git\cmd;C:\Program Files\Git\mingw64\bin;C:\Program Files\Git\usr\bin;%SPRING_HOME%/bin;C:\Ruby23-x64\bin;C:\Users\amand\AppData\Local\Microsoft\WindowsApps;C:\Users\amand\AppData\Roaming\npm;C:\Program Files (x86)\Microsoft VS Code\bin;C:\Program Files\Intel\WiFi\bin\;C:\Program Files\Common Files\Intel\WirelessCommon\;C:\Program Files\Heroku\bin;C:\WINDOWS\System32;
USERNAME=amand
OS=Windows_NT
PROCESSOR_IDENTIFIER=Intel64 Family 6 Model 61 Stepping 4, GenuineIntel



---------------  S Y S T E M  ---------------

OS: Windows 10.0 , 64 bit Build 14393 (10.0.14393.0)

CPU:total 4 (2 cores per cpu, 2 threads per core) family 6 model 61 stepping 4, cmov, cx8, fxsr, mmx, sse, sse2, sse3, ssse3, sse4.1, sse4.2, popcnt, avx, avx2, aes, clmul, erms, 3dnowpref, lzcnt, ht, tsc, tscinvbit, bmi1, bmi2, adx

Memory: 4k page, physical 8306224k(1061764k free), swap 8306224k(2732k free)

vm_info: Java HotSpot(TM) 64-Bit Server VM (25.111-b14) for windows-amd64 JRE (1.8.0_111-b14), built on Sep 22 2016 19:24:05 by "java_re" with MS VC++ 10.0 (VS2010)

time: Mon May 08 08:59:41 2017
elapsed time: 5 seconds (0d 0h 0m 5s)

